<?xml version="1.0" encoding="UTF-8"?>
<!-- Generated by org.testng.reporters.JUnitReportReporter -->
<testsuite skipped="0" hostname="DESKTOP-CTRD12V" name="LoginTest.Login" tests="3" failures="0" timestamp="03 Dec 2018 10:39:23 GMT" time="58.366" errors="0">
  <testcase name="openBrowser" time="41.269" classname="LoginTest.Login"/>
  <testcase name="setloginCredentials" time="4.405" classname="LoginTest.Login"/>
  <testcase name="verifyLogin" time="12.692" classname="LoginTest.Login"/>
</testsuite> <!-- LoginTest.Login -->
